<?xml version="1.0" encoding="utf-8"?><testsuites name="pytest tests"><testsuite name="pytest" errors="0" failures="0" skipped="0" tests="11" time="15.778" timestamp="2026-03-25T00:40:30.986136+00:00" hostname="agent-env-da3ff513-6b1e-4b0b-bd27-2ee17c545ee2"><testcase classname="backend.tests.test_pipelines.TestPipelineCRUD" name="test_list_pipelines" time="0.347" /><testcase classname="backend.tests.test_pipelines.TestPipelineCRUD" name="test_create_pipeline" time="0.224" /><testcase classname="backend.tests.test_pipelines.TestPipelineCRUD" name="test_create_pipeline_invalid_client" time="0.127" /><testcase classname="backend.tests.test_pipelines.TestPipelineCRUD" name="test_pause_pipeline" time="0.265" /><testcase classname="backend.tests.test_pipelines.TestPipelineCRUD" name="test_resume_pipeline" time="0.127" /><testcase classname="backend.tests.test_pipelines.TestPipelineCRUD" name="test_update_pipeline" time="0.105" /><testcase classname="backend.tests.test_pipelines.TestPipelineCRUD" name="test_run_pipeline_now" time="13.515" /><testcase classname="backend.tests.test_pipelines.TestPipelineCRUD" name="test_run_increments_total_runs" time="0.118" /><testcase classname="backend.tests.test_pipelines.TestPipelineCRUD" name="test_pipeline_creates_posts" time="0.151" /><testcase classname="backend.tests.test_pipelines.TestPipelineCRUD" name="test_delete_pipeline" time="0.369" /><testcase classname="backend.tests.test_pipelines.TestPipelineCRUD" name="test_specific_times_schedule" time="0.332" /></testsuite></testsuites>