<?xml version="1.0" encoding="utf-8"?><testsuites name="pytest tests"><testsuite name="pytest" errors="0" failures="0" skipped="0" tests="7" time="1.161" timestamp="2026-03-25T01:53:30.336221+00:00" hostname="agent-env-da3ff513-6b1e-4b0b-bd27-2ee17c545ee2"><testcase classname="backend.tests.test_instagram.TestInstagramEndpoints" name="test_instagram_connect_returns_auth_url" time="0.254" /><testcase classname="backend.tests.test_instagram.TestInstagramEndpoints" name="test_instagram_status_not_connected" time="0.167" /><testcase classname="backend.tests.test_instagram.TestInstagramEndpoints" name="test_instagram_disconnect_works" time="0.141" /><testcase classname="backend.tests.test_instagram.TestInstagramEndpoints" name="test_instagram_connect_invalid_client" time="0.186" /><testcase classname="backend.tests.test_instagram.TestInstagramEndpoints" name="test_instagram_status_invalid_client" time="0.144" /><testcase classname="backend.tests.test_instagram.TestClientsAPI" name="test_clients_list" time="0.107" /><testcase classname="backend.tests.test_instagram.TestClientsAPI" name="test_specific_client" time="0.107" /></testsuite></testsuites>